# JRE version: OpenJDK Runtime Environment (8.0_112-b06) (build 1.8.0_112-release-b06)
# Java VM: OpenJDK 64-Bit Server VM (25.112-b06 mixed mode windows-amd64 compressed oops)
Heap:
 PSYoungGen      total 364032K, used 180609K [0x00000000e0000000, 0x0000000100000000, 0x0000000100000000)
  eden space 263680K, 42% used [0x00000000e0000000,0x00000000e6eaab40,0x00000000f0180000)
  from space 100352K, 67% used [0x00000000f0180000,0x00000000f4335bb0,0x00000000f6380000)
  to   space 104448K, 0% used [0x00000000f9a00000,0x00000000f9a00000,0x0000000100000000)
 ParOldGen       total 162816K, used 121294K [0x00000000a0000000, 0x00000000a9f00000, 0x00000000e0000000)
  object space 162816K, 74% used [0x00000000a0000000,0x00000000a7673bf0,0x00000000a9f00000)
 Metaspace       used 89171K, capacity 94024K, committed 94168K, reserved 1130496K
  class space    used 11394K, capacity 12267K, committed 12288K, reserved 1048576K
GC Heap History (10 events):
Event: 7187.671 GC heap before
{Heap before GC invocations=22 (full 3):
 PSYoungGen      total 230912K, used 230894K [0x00000000e0000000, 0x00000000f1600000, 0x0000000100000000)
  eden space 193024K, 100% used [0x00000000e0000000,0x00000000ebc80000,0x00000000ebc80000)
  from space 37888K, 99% used [0x00000000ee700000,0x00000000f0bfb898,0x00000000f0c00000)
  to   space 43520K, 0% used [0x00000000ebc80000,0x00000000ebc80000,0x00000000ee700000)
 ParOldGen       total 162816K, used 49054K [0x00000000a0000000, 0x00000000a9f00000, 0x00000000e0000000)
  object space 162816K, 30% used [0x00000000a0000000,0x00000000a2fe7890,0x00000000a9f00000)
 Metaspace       used 86526K, capacity 90822K, committed 91096K, reserved 1128448K
  class space    used 11133K, capacity 11956K, committed 12032K, reserved 1048576K
Event: 7187.723 GC heap after
Heap after GC invocations=22 (full 3):
 PSYoungGen      total 236544K, used 43519K [0x00000000e0000000, 0x00000000f6c80000, 0x0000000100000000)
  eden space 193024K, 0% used [0x00000000e0000000,0x00000000e0000000,0x00000000ebc80000)
  from space 43520K, 99% used [0x00000000ebc80000,0x00000000ee6fff20,0x00000000ee700000)
  to   space 68608K, 0% used [0x00000000f2980000,0x00000000f2980000,0x00000000f6c80000)
 ParOldGen       total 162816K, used 99309K [0x00000000a0000000, 0x00000000a9f00000, 0x00000000e0000000)
  object space 162816K, 60% used [0x00000000a0000000,0x00000000a60fb6a8,0x00000000a9f00000)
 Metaspace       used 86526K, capacity 90822K, committed 91096K, reserved 1128448K
  class space    used 11133K, capacity 11956K, committed 12032K, reserved 1048576K
}
Event: 7188.536 GC heap before
{Heap before GC invocations=23 (full 3):
 PSYoungGen      total 236544K, used 236543K [0x00000000e0000000, 0x00000000f6c80000, 0x0000000100000000)
  eden space 193024K, 100% used [0x00000000e0000000,0x00000000ebc80000,0x00000000ebc80000)
  from space 43520K, 99% used [0x00000000ebc80000,0x00000000ee6fff20,0x00000000ee700000)
  to   space 68608K, 0% used [0x00000000f2980000,0x00000000f2980000,0x00000000f6c80000)
 ParOldGen       total 162816K, used 99309K [0x00000000a0000000, 0x00000000a9f00000, 0x00000000e0000000)
  object space 162816K, 60% used [0x00000000a0000000,0x00000000a60fb6a8,0x00000000a9f00000)
 Metaspace       used 86735K, capacity 91032K, committed 91352K, reserved 1128448K
  class space    used 11140K, capacity 11959K, committed 12032K, reserved 1048576K
Event: 7188.598 GC heap after
Heap after GC invocations=23 (full 3):
 PSYoungGen      total 295936K, used 61478K [0x00000000e0000000, 0x00000000f8580000, 0x0000000100000000)
  eden space 227328K, 0% used [0x00000000e0000000,0x00000000e0000000,0x00000000ede00000)
  from space 68608K, 89% used [0x00000000f2980000,0x00000000f6589be8,0x00000000f6c80000)
  to   space 77312K, 0% used [0x00000000ede00000,0x00000000ede00000,0x00000000f2980000)
 ParOldGen       total 162816K, used 99317K [0x00000000a0000000, 0x00000000a9f00000, 0x00000000e0000000)
  object space 162816K, 60% used [0x00000000a0000000,0x00000000a60fd6a8,0x00000000a9f00000)
 Metaspace       used 86735K, capacity 91032K, committed 91352K, reserved 1128448K
  class space    used 11140K, capacity 11959K, committed 12032K, reserved 1048576K
}
Event: 7270.626 GC heap before
{Heap before GC invocations=24 (full 3):
 PSYoungGen      total 295936K, used 288806K [0x00000000e0000000, 0x00000000f8580000, 0x0000000100000000)
  eden space 227328K, 100% used [0x00000000e0000000,0x00000000ede00000,0x00000000ede00000)
  from space 68608K, 89% used [0x00000000f2980000,0x00000000f6589be8,0x00000000f6c80000)
  to   space 77312K, 0% used [0x00000000ede00000,0x00000000ede00000,0x00000000f2980000)
 ParOldGen       total 162816K, used 99317K [0x00000000a0000000, 0x00000000a9f00000, 0x00000000e0000000)
  object space 162816K, 60% used [0x00000000a0000000,0x00000000a60fd6a8,0x00000000a9f00000)
 Metaspace       used 87912K, capacity 92322K, committed 92504K, reserved 1130496K
  class space    used 11296K, capacity 12118K, committed 12160K, reserved 1048576K
Event: 7270.664 GC heap after
Heap after GC invocations=24 (full 3):
 PSYoungGen      total 304640K, used 55741K [0x00000000e0000000, 0x00000000fb400000, 0x0000000100000000)
  eden space 227328K, 0% used [0x00000000e0000000,0x00000000e0000000,0x00000000ede00000)
  from space 77312K, 72% used [0x00000000ede00000,0x00000000f146f470,0x00000000f2980000)
  to   space 82432K, 0% used [0x00000000f6380000,0x00000000f6380000,0x00000000fb400000)
 ParOldGen       total 162816K, used 104506K [0x00000000a0000000, 0x00000000a9f00000, 0x00000000e0000000)
  object space 162816K, 64% used [0x00000000a0000000,0x00000000a660ea70,0x00000000a9f00000)
 Metaspace       used 87912K, capacity 92322K, committed 92504K, reserved 1130496K
  class space    used 11296K, capacity 12118K, committed 12160K, reserved 1048576K
}
Event: 7273.710 GC heap before
{Heap before GC invocations=25 (full 3):
 PSYoungGen      total 304640K, used 283069K [0x00000000e0000000, 0x00000000fb400000, 0x0000000100000000)
  eden space 227328K, 100% used [0x00000000e0000000,0x00000000ede00000,0x00000000ede00000)
  from space 77312K, 72% used [0x00000000ede00000,0x00000000f146f470,0x00000000f2980000)
  to   space 82432K, 0% used [0x00000000f6380000,0x00000000f6380000,0x00000000fb400000)
 ParOldGen       total 162816K, used 104506K [0x00000000a0000000, 0x00000000a9f00000, 0x00000000e0000000)
  object space 162816K, 64% used [0x00000000a0000000,0x00000000a660ea70,0x00000000a9f00000)
 Metaspace       used 88451K, capacity 92890K, committed 93144K, reserved 1130496K
  class space    used 11337K, capacity 12178K, committed 12288K, reserved 1048576K
Event: 7273.770 GC heap after
Heap after GC invocations=25 (full 3):
 PSYoungGen      total 346112K, used 82402K [0x00000000e0000000, 0x00000000fd580000, 0x0000000100000000)
  eden space 263680K, 0% used [0x00000000e0000000,0x00000000e0000000,0x00000000f0180000)
  from space 82432K, 99% used [0x00000000f6380000,0x00000000fb3f8b18,0x00000000fb400000)
  to   space 100352K, 0% used [0x00000000f0180000,0x00000000f0180000,0x00000000f6380000)
 ParOldGen       total 162816K, used 116656K [0x00000000a0000000, 0x00000000a9f00000, 0x00000000e0000000)
  object space 162816K, 71% used [0x00000000a0000000,0x00000000a71ec3c0,0x00000000a9f00000)
 Metaspace       used 88451K, capacity 92890K, committed 93144K, reserved 1130496K
  class space    used 11337K, capacity 12178K, committed 12288K, reserved 1048576K
}
Event: 7603.632 GC heap before
{Heap before GC invocations=26 (full 3):
 PSYoungGen      total 346112K, used 346082K [0x00000000e0000000, 0x00000000fd580000, 0x0000000100000000)
  eden space 263680K, 100% used [0x00000000e0000000,0x00000000f0180000,0x00000000f0180000)
  from space 82432K, 99% used [0x00000000f6380000,0x00000000fb3f8b18,0x00000000fb400000)
  to   space 100352K, 0% used [0x00000000f0180000,0x00000000f0180000,0x00000000f6380000)
 ParOldGen       total 162816K, used 116656K [0x00000000a0000000, 0x00000000a9f00000, 0x00000000e0000000)
  object space 162816K, 71% used [0x00000000a0000000,0x00000000a71ec3c0,0x00000000a9f00000)
 Metaspace       used 89002K, capacity 93880K, committed 93912K, reserved 1130496K
  class space    used 11392K, capacity 12265K, committed 12288K, reserved 1048576K
Event: 7603.689 GC heap after
Heap after GC invocations=26 (full 3):
 PSYoungGen      total 364032K, used 67286K [0x00000000e0000000, 0x0000000100000000, 0x0000000100000000)
  eden space 263680K, 0% used [0x00000000e0000000,0x00000000e0000000,0x00000000f0180000)
  from space 100352K, 67% used [0x00000000f0180000,0x00000000f4335bb0,0x00000000f6380000)
  to   space 104448K, 0% used [0x00000000f9a00000,0x00000000f9a00000,0x0000000100000000)
 ParOldGen       total 162816K, used 121294K [0x00000000a0000000, 0x00000000a9f00000, 0x00000000e0000000)
  object space 162816K, 74% used [0x00000000a0000000,0x00000000a7673bf0,0x00000000a9f00000)
 Metaspace       used 89002K, capacity 93880K, committed 93912K, reserved 1130496K
  class space    used 11392K, capacity 12265K, committed 12288K, reserved 1048576K
}

