# JRE version: OpenJDK Runtime Environment (8.0_112-b06) (build 1.8.0_112-release-b06)
# Java VM: OpenJDK 64-Bit Server VM (25.112-b06 mixed mode windows-amd64 compressed oops)
Heap:
 PSYoungGen      total 154112K, used 121081K [0x00000000e0000000, 0x00000000ebb00000, 0x0000000100000000)
  eden space 121856K, 78% used [0x00000000e0000000,0x00000000e5dee540,0x00000000e7700000)
  from space 32256K, 77% used [0x00000000e9900000,0x00000000eb150030,0x00000000eb880000)
  to   space 34816K, 0% used [0x00000000e7700000,0x00000000e7700000,0x00000000e9900000)
 ParOldGen       total 171008K, used 37568K [0x00000000a0000000, 0x00000000aa700000, 0x00000000e0000000)
  object space 171008K, 21% used [0x00000000a0000000,0x00000000a24b00c8,0x00000000aa700000)
 Metaspace       used 72972K, capacity 77020K, committed 77080K, reserved 1116160K
  class space    used 9709K, capacity 10496K, committed 10520K, reserved 1048576K
GC Heap History (10 events):
Event: 702.563 GC heap before
{Heap before GC invocations=21 (full 3):
 PSYoungGen      total 121856K, used 93424K [0x00000000e0000000, 0x00000000e9d80000, 0x0000000100000000)
  eden space 92160K, 100% used [0x00000000e0000000,0x00000000e5a00000,0x00000000e5a00000)
  from space 29696K, 4% used [0x00000000e5a00000,0x00000000e5b3c060,0x00000000e7700000)
  to   space 29696K, 0% used [0x00000000e8080000,0x00000000e8080000,0x00000000e9d80000)
 ParOldGen       total 171008K, used 37528K [0x00000000a0000000, 0x00000000aa700000, 0x00000000e0000000)
  object space 171008K, 21% used [0x00000000a0000000,0x00000000a24a60c8,0x00000000aa700000)
 Metaspace       used 59139K, capacity 61624K, committed 61848K, reserved 1103872K
  class space    used 7824K, capacity 8310K, committed 8344K, reserved 1048576K
Event: 702.568 GC heap after
Heap after GC invocations=21 (full 3):
 PSYoungGen      total 126464K, used 4923K [0x00000000e0000000, 0x00000000e9a80000, 0x0000000100000000)
  eden space 99840K, 0% used [0x00000000e0000000,0x00000000e0000000,0x00000000e6180000)
  from space 26624K, 18% used [0x00000000e8080000,0x00000000e854eea8,0x00000000e9a80000)
  to   space 29184K, 0% used [0x00000000e6180000,0x00000000e6180000,0x00000000e7e00000)
 ParOldGen       total 171008K, used 37536K [0x00000000a0000000, 0x00000000aa700000, 0x00000000e0000000)
  object space 171008K, 21% used [0x00000000a0000000,0x00000000a24a80c8,0x00000000aa700000)
 Metaspace       used 59139K, capacity 61624K, committed 61848K, reserved 1103872K
  class space    used 7824K, capacity 8310K, committed 8344K, reserved 1048576K
}
Event: 703.556 GC heap before
{Heap before GC invocations=22 (full 3):
 PSYoungGen      total 126464K, used 104763K [0x00000000e0000000, 0x00000000e9a80000, 0x0000000100000000)
  eden space 99840K, 100% used [0x00000000e0000000,0x00000000e6180000,0x00000000e6180000)
  from space 26624K, 18% used [0x00000000e8080000,0x00000000e854eea8,0x00000000e9a80000)
  to   space 29184K, 0% used [0x00000000e6180000,0x00000000e6180000,0x00000000e7e00000)
 ParOldGen       total 171008K, used 37536K [0x00000000a0000000, 0x00000000aa700000, 0x00000000e0000000)
  object space 171008K, 21% used [0x00000000a0000000,0x00000000a24a80c8,0x00000000aa700000)
 Metaspace       used 64309K, capacity 66920K, committed 67224K, reserved 1107968K
  class space    used 8505K, capacity 9003K, committed 9112K, reserved 1048576K
Event: 703.566 GC heap after
Heap after GC invocations=22 (full 3):
 PSYoungGen      total 129024K, used 14749K [0x00000000e0000000, 0x00000000ea380000, 0x0000000100000000)
  eden space 99840K, 0% used [0x00000000e0000000,0x00000000e0000000,0x00000000e6180000)
  from space 29184K, 50% used [0x00000000e6180000,0x00000000e6fe7408,0x00000000e7e00000)
  to   space 28672K, 0% used [0x00000000e8780000,0x00000000e8780000,0x00000000ea380000)
 ParOldGen       total 171008K, used 37544K [0x00000000a0000000, 0x00000000aa700000, 0x00000000e0000000)
  object space 171008K, 21% used [0x00000000a0000000,0x00000000a24aa0c8,0x00000000aa700000)
 Metaspace       used 64309K, capacity 66920K, committed 67224K, reserved 1107968K
  class space    used 8505K, capacity 9003K, committed 9112K, reserved 1048576K
}
Event: 704.770 GC heap before
{Heap before GC invocations=23 (full 3):
 PSYoungGen      total 129024K, used 114589K [0x00000000e0000000, 0x00000000ea380000, 0x0000000100000000)
  eden space 99840K, 100% used [0x00000000e0000000,0x00000000e6180000,0x00000000e6180000)
  from space 29184K, 50% used [0x00000000e6180000,0x00000000e6fe7408,0x00000000e7e00000)
  to   space 28672K, 0% used [0x00000000e8780000,0x00000000e8780000,0x00000000ea380000)
 ParOldGen       total 171008K, used 37544K [0x00000000a0000000, 0x00000000aa700000, 0x00000000e0000000)
  object space 171008K, 21% used [0x00000000a0000000,0x00000000a24aa0c8,0x00000000aa700000)
 Metaspace       used 68148K, capacity 71292K, committed 71448K, reserved 1112064K
  class space    used 9109K, capacity 9652K, committed 9752K, reserved 1048576K
Event: 704.792 GC heap after
Heap after GC invocations=23 (full 3):
 PSYoungGen      total 137728K, used 17949K [0x00000000e0000000, 0x00000000ea980000, 0x0000000100000000)
  eden space 109056K, 0% used [0x00000000e0000000,0x00000000e0000000,0x00000000e6a80000)
  from space 28672K, 62% used [0x00000000e8780000,0x00000000e9907708,0x00000000ea380000)
  to   space 29696K, 0% used [0x00000000e6a80000,0x00000000e6a80000,0x00000000e8780000)
 ParOldGen       total 171008K, used 37552K [0x00000000a0000000, 0x00000000aa700000, 0x00000000e0000000)
  object space 171008K, 21% used [0x00000000a0000000,0x00000000a24ac0c8,0x00000000aa700000)
 Metaspace       used 68148K, capacity 71292K, committed 71448K, reserved 1112064K
  class space    used 9109K, capacity 9652K, committed 9752K, reserved 1048576K
}
Event: 709.225 GC heap before
{Heap before GC invocations=24 (full 3):
 PSYoungGen      total 137728K, used 127005K [0x00000000e0000000, 0x00000000ea980000, 0x0000000100000000)
  eden space 109056K, 100% used [0x00000000e0000000,0x00000000e6a80000,0x00000000e6a80000)
  from space 28672K, 62% used [0x00000000e8780000,0x00000000e9907708,0x00000000ea380000)
  to   space 29696K, 0% used [0x00000000e6a80000,0x00000000e6a80000,0x00000000e8780000)
 ParOldGen       total 171008K, used 37552K [0x00000000a0000000, 0x00000000aa700000, 0x00000000e0000000)
  object space 171008K, 21% used [0x00000000a0000000,0x00000000a24ac0c8,0x00000000aa700000)
 Metaspace       used 71890K, capacity 75792K, committed 75928K, reserved 1114112K
  class space    used 9627K, capacity 10382K, committed 10392K, reserved 1048576K
Event: 709.263 GC heap after
Heap after GC invocations=24 (full 3):
 PSYoungGen      total 138752K, used 24682K [0x00000000e0000000, 0x00000000eb880000, 0x0000000100000000)
  eden space 109056K, 0% used [0x00000000e0000000,0x00000000e0000000,0x00000000e6a80000)
  from space 29696K, 83% used [0x00000000e6a80000,0x00000000e829aa60,0x00000000e8780000)
  to   space 32256K, 0% used [0x00000000e9900000,0x00000000e9900000,0x00000000eb880000)
 ParOldGen       total 171008K, used 37560K [0x00000000a0000000, 0x00000000aa700000, 0x00000000e0000000)
  object space 171008K, 21% used [0x00000000a0000000,0x00000000a24ae0c8,0x00000000aa700000)
 Metaspace       used 71890K, capacity 75792K, committed 75928K, reserved 1114112K
  class space    used 9627K, capacity 10382K, committed 10392K, reserved 1048576K
}
Event: 1864.235 GC heap before
{Heap before GC invocations=25 (full 3):
 PSYoungGen      total 138752K, used 133738K [0x00000000e0000000, 0x00000000eb880000, 0x0000000100000000)
  eden space 109056K, 100% used [0x00000000e0000000,0x00000000e6a80000,0x00000000e6a80000)
  from space 29696K, 83% used [0x00000000e6a80000,0x00000000e829aa60,0x00000000e8780000)
  to   space 32256K, 0% used [0x00000000e9900000,0x00000000e9900000,0x00000000eb880000)
 ParOldGen       total 171008K, used 37560K [0x00000000a0000000, 0x00000000aa700000, 0x00000000e0000000)
  object space 171008K, 21% used [0x00000000a0000000,0x00000000a24ae0c8,0x00000000aa700000)
 Metaspace       used 72716K, capacity 76726K, committed 76824K, reserved 1116160K
  class space    used 9700K, capacity 10481K, committed 10520K, reserved 1048576K
Event: 1864.251 GC heap after
Heap after GC invocations=25 (full 3):
 PSYoungGen      total 154112K, used 24896K [0x00000000e0000000, 0x00000000ebb00000, 0x0000000100000000)
  eden space 121856K, 0% used [0x00000000e0000000,0x00000000e0000000,0x00000000e7700000)
  from space 32256K, 77% used [0x00000000e9900000,0x00000000eb150030,0x00000000eb880000)
  to   space 34816K, 0% used [0x00000000e7700000,0x00000000e7700000,0x00000000e9900000)
 ParOldGen       total 171008K, used 37568K [0x00000000a0000000, 0x00000000aa700000, 0x00000000e0000000)
  object space 171008K, 21% used [0x00000000a0000000,0x00000000a24b00c8,0x00000000aa700000)
 Metaspace       used 72716K, capacity 76726K, committed 76824K, reserved 1116160K
  class space    used 9700K, capacity 10481K, committed 10520K, reserved 1048576K
}

