# JRE version: OpenJDK Runtime Environment (8.0_112-b06) (build 1.8.0_112-release-b06)
# Java VM: OpenJDK 64-Bit Server VM (25.112-b06 mixed mode windows-amd64 compressed oops)
Heap:
 PSYoungGen      total 198144K, used 52607K [0x00000000e0000000, 0x00000000ee980000, 0x0000000100000000)
  eden space 171008K, 30% used [0x00000000e0000000,0x00000000e335fdb0,0x00000000ea700000)
  from space 27136K, 0% used [0x00000000ec480000,0x00000000ec480000,0x00000000edf00000)
  to   space 30208K, 0% used [0x00000000ea700000,0x00000000ea700000,0x00000000ec480000)
 ParOldGen       total 167936K, used 43407K [0x00000000a0000000, 0x00000000aa400000, 0x00000000e0000000)
  object space 167936K, 25% used [0x00000000a0000000,0x00000000a2a63c40,0x00000000aa400000)
 Metaspace       used 58834K, capacity 60638K, committed 60672K, reserved 1101824K
  class space    used 7764K, capacity 8171K, committed 8192K, reserved 1048576K
GC Heap History (10 events):
Event: 8.153 GC heap before
{Heap before GC invocations=11 (full 2):
 PSYoungGen      total 137216K, used 137200K [0x00000000e0000000, 0x00000000e9780000, 0x0000000100000000)
  eden space 125952K, 100% used [0x00000000e0000000,0x00000000e7b00000,0x00000000e7b00000)
  from space 11264K, 99% used [0x00000000e8c80000,0x00000000e977c1a0,0x00000000e9780000)
  to   space 13312K, 0% used [0x00000000e7d80000,0x00000000e7d80000,0x00000000e8a80000)
 ParOldGen       total 105984K, used 17669K [0x00000000a0000000, 0x00000000a6780000, 0x00000000e0000000)
  object space 105984K, 16% used [0x00000000a0000000,0x00000000a1141548,0x00000000a6780000)
 Metaspace       used 47400K, capacity 48860K, committed 49024K, reserved 1091584K
  class space    used 6407K, capacity 6714K, committed 6784K, reserved 1048576K
Event: 8.169 GC heap after
Heap after GC invocations=11 (full 2):
 PSYoungGen      total 141824K, used 13283K [0x00000000e0000000, 0x00000000eb780000, 0x0000000100000000)
  eden space 128512K, 0% used [0x00000000e0000000,0x00000000e0000000,0x00000000e7d80000)
  from space 13312K, 99% used [0x00000000e7d80000,0x00000000e8a78c80,0x00000000e8a80000)
  to   space 16896K, 0% used [0x00000000ea700000,0x00000000ea700000,0x00000000eb780000)
 ParOldGen       total 105984K, used 22127K [0x00000000a0000000, 0x00000000a6780000, 0x00000000e0000000)
  object space 105984K, 20% used [0x00000000a0000000,0x00000000a159bc40,0x00000000a6780000)
 Metaspace       used 47400K, capacity 48860K, committed 49024K, reserved 1091584K
  class space    used 6407K, capacity 6714K, committed 6784K, reserved 1048576K
}
Event: 11.424 GC heap before
{Heap before GC invocations=12 (full 2):
 PSYoungGen      total 141824K, used 141795K [0x00000000e0000000, 0x00000000eb780000, 0x0000000100000000)
  eden space 128512K, 100% used [0x00000000e0000000,0x00000000e7d80000,0x00000000e7d80000)
  from space 13312K, 99% used [0x00000000e7d80000,0x00000000e8a78c80,0x00000000e8a80000)
  to   space 16896K, 0% used [0x00000000ea700000,0x00000000ea700000,0x00000000eb780000)
 ParOldGen       total 105984K, used 22127K [0x00000000a0000000, 0x00000000a6780000, 0x00000000e0000000)
  object space 105984K, 20% used [0x00000000a0000000,0x00000000a159bc40,0x00000000a6780000)
 Metaspace       used 51892K, capacity 53544K, committed 53760K, reserved 1095680K
  class space    used 6981K, capacity 7338K, committed 7424K, reserved 1048576K
Event: 11.447 GC heap after
Heap after GC invocations=12 (full 2):
 PSYoungGen      total 164352K, used 16896K [0x00000000e0000000, 0x00000000ec600000, 0x0000000100000000)
  eden space 147456K, 0% used [0x00000000e0000000,0x00000000e0000000,0x00000000e9000000)
  from space 16896K, 100% used [0x00000000ea700000,0x00000000eb780000,0x00000000eb780000)
  to   space 23552K, 0% used [0x00000000e9000000,0x00000000e9000000,0x00000000ea700000)
 ParOldGen       total 105984K, used 33959K [0x00000000a0000000, 0x00000000a6780000, 0x00000000e0000000)
  object space 105984K, 32% used [0x00000000a0000000,0x00000000a2129d20,0x00000000a6780000)
 Metaspace       used 51892K, capacity 53544K, committed 53760K, reserved 1095680K
  class space    used 6981K, capacity 7338K, committed 7424K, reserved 1048576K
}
Event: 21.048 GC heap before
{Heap before GC invocations=13 (full 2):
 PSYoungGen      total 164352K, used 164352K [0x00000000e0000000, 0x00000000ec600000, 0x0000000100000000)
  eden space 147456K, 100% used [0x00000000e0000000,0x00000000e9000000,0x00000000e9000000)
  from space 16896K, 100% used [0x00000000ea700000,0x00000000eb780000,0x00000000eb780000)
  to   space 23552K, 0% used [0x00000000e9000000,0x00000000e9000000,0x00000000ea700000)
 ParOldGen       total 105984K, used 33959K [0x00000000a0000000, 0x00000000a6780000, 0x00000000e0000000)
  object space 105984K, 32% used [0x00000000a0000000,0x00000000a2129d20,0x00000000a6780000)
 Metaspace       used 53132K, capacity 54914K, committed 55168K, reserved 1097728K
  class space    used 7103K, capacity 7485K, committed 7552K, reserved 1048576K
Event: 21.065 GC heap after
Heap after GC invocations=13 (full 2):
 PSYoungGen      total 171008K, used 23524K [0x00000000e0000000, 0x00000000edf00000, 0x0000000100000000)
  eden space 147456K, 0% used [0x00000000e0000000,0x00000000e0000000,0x00000000e9000000)
  from space 23552K, 99% used [0x00000000e9000000,0x00000000ea6f9168,0x00000000ea700000)
  to   space 27136K, 0% used [0x00000000ec480000,0x00000000ec480000,0x00000000edf00000)
 ParOldGen       total 105984K, used 35211K [0x00000000a0000000, 0x00000000a6780000, 0x00000000e0000000)
  object space 105984K, 33% used [0x00000000a0000000,0x00000000a2262c68,0x00000000a6780000)
 Metaspace       used 53132K, capacity 54914K, committed 55168K, reserved 1097728K
  class space    used 7103K, capacity 7485K, committed 7552K, reserved 1048576K
}
Event: 22.366 GC heap before
{Heap before GC invocations=14 (full 2):
 PSYoungGen      total 171008K, used 74554K [0x00000000e0000000, 0x00000000edf00000, 0x0000000100000000)
  eden space 147456K, 34% used [0x00000000e0000000,0x00000000e31d56e0,0x00000000e9000000)
  from space 23552K, 99% used [0x00000000e9000000,0x00000000ea6f9168,0x00000000ea700000)
  to   space 27136K, 0% used [0x00000000ec480000,0x00000000ec480000,0x00000000edf00000)
 ParOldGen       total 105984K, used 35211K [0x00000000a0000000, 0x00000000a6780000, 0x00000000e0000000)
  object space 105984K, 33% used [0x00000000a0000000,0x00000000a2262c68,0x00000000a6780000)
 Metaspace       used 57372K, capacity 59108K, committed 59160K, reserved 1099776K
  class space    used 7659K, capacity 8044K, committed 8064K, reserved 1048576K
Event: 22.388 GC heap after
Heap after GC invocations=14 (full 2):
 PSYoungGen      total 198144K, used 24862K [0x00000000e0000000, 0x00000000ee980000, 0x0000000100000000)
  eden space 171008K, 0% used [0x00000000e0000000,0x00000000e0000000,0x00000000ea700000)
  from space 27136K, 91% used [0x00000000ec480000,0x00000000edcc7a30,0x00000000edf00000)
  to   space 30208K, 0% used [0x00000000ea700000,0x00000000ea700000,0x00000000ec480000)
 ParOldGen       total 105984K, used 41702K [0x00000000a0000000, 0x00000000a6780000, 0x00000000e0000000)
  object space 105984K, 39% used [0x00000000a0000000,0x00000000a28b9928,0x00000000a6780000)
 Metaspace       used 57372K, capacity 59108K, committed 59160K, reserved 1099776K
  class space    used 7659K, capacity 8044K, committed 8064K, reserved 1048576K
}
Event: 22.388 GC heap before
{Heap before GC invocations=15 (full 3):
 PSYoungGen      total 198144K, used 24862K [0x00000000e0000000, 0x00000000ee980000, 0x0000000100000000)
  eden space 171008K, 0% used [0x00000000e0000000,0x00000000e0000000,0x00000000ea700000)
  from space 27136K, 91% used [0x00000000ec480000,0x00000000edcc7a30,0x00000000edf00000)
  to   space 30208K, 0% used [0x00000000ea700000,0x00000000ea700000,0x00000000ec480000)
 ParOldGen       total 105984K, used 41702K [0x00000000a0000000, 0x00000000a6780000, 0x00000000e0000000)
  object space 105984K, 39% used [0x00000000a0000000,0x00000000a28b9928,0x00000000a6780000)
 Metaspace       used 57372K, capacity 59108K, committed 59160K, reserved 1099776K
  class space    used 7659K, capacity 8044K, committed 8064K, reserved 1048576K
Event: 22.577 GC heap after
Heap after GC invocations=15 (full 3):
 PSYoungGen      total 198144K, used 0K [0x00000000e0000000, 0x00000000ee980000, 0x0000000100000000)
  eden space 171008K, 0% used [0x00000000e0000000,0x00000000e0000000,0x00000000ea700000)
  from space 27136K, 0% used [0x00000000ec480000,0x00000000ec480000,0x00000000edf00000)
  to   space 30208K, 0% used [0x00000000ea700000,0x00000000ea700000,0x00000000ec480000)
 ParOldGen       total 167936K, used 43407K [0x00000000a0000000, 0x00000000aa400000, 0x00000000e0000000)
  object space 167936K, 25% used [0x00000000a0000000,0x00000000a2a63c40,0x00000000aa400000)
 Metaspace       used 57370K, capacity 59102K, committed 59160K, reserved 1099776K
  class space    used 7658K, capacity 8043K, committed 8064K, reserved 1048576K
}

